<?xml version="1.0" encoding="UTF-8"?>
<!-- Generated by org.testng.reporters.JUnitXMLReporter -->
<testsuite ignored="0" hostname="Pankajs-MacBook-Air.local" failures="0" tests="4" name="Default test" time="0.195" errors="0" timestamp="2020-01-20T01:25:35 GMT">
  <testcase classname="com.accelatesting.testCases.BaseClass" name="@BeforeClass setUp" time="-1.579483535341E9">
    <failure type="org.testng.TestNGException" message="
Parameter &amp;apos;Browsers&amp;apos; is required by BeforeClass on method setUp but has not been marked @Optional or defined
in /private/var/folders/mf/jt85h0xn2yn6yd6mc2y_gs9w0000gn/T/testng-eclipse--1785079789/testng-customsuite.xml">
      <![CDATA[org.testng.TestNGException: 
Parameter 'Browsers' is required by BeforeClass on method setUp but has not been marked @Optional or defined
in /private/var/folders/mf/jt85h0xn2yn6yd6mc2y_gs9w0000gn/T/testng-eclipse--1785079789/testng-customsuite.xml
at org.testng.internal.Parameters.createParams(Parameters.java:272)
at org.testng.internal.Parameters.createParametersForMethod(Parameters.java:360)
at org.testng.internal.Parameters.createParameters(Parameters.java:704)
at org.testng.internal.Parameters.createConfigurationParameters(Parameters.java:166)
at org.testng.internal.ConfigInvoker.invokeConfigurations(ConfigInvoker.java:283)
at org.testng.internal.TestMethodWorker.invokeBeforeClassMethods(TestMethodWorker.java:176)
at org.testng.internal.TestMethodWorker.run(TestMethodWorker.java:122)
at java.base/java.util.ArrayList.forEach(ArrayList.java:1378)
at org.testng.TestRunner.privateRun(TestRunner.java:766)
at org.testng.TestRunner.run(TestRunner.java:587)
at org.testng.SuiteRunner.runTest(SuiteRunner.java:384)
at org.testng.SuiteRunner.runSequentially(SuiteRunner.java:378)
at org.testng.SuiteRunner.privateRun(SuiteRunner.java:337)
at org.testng.SuiteRunner.run(SuiteRunner.java:286)
at org.testng.SuiteRunnerWorker.runSuite(SuiteRunnerWorker.java:53)
at org.testng.SuiteRunnerWorker.run(SuiteRunnerWorker.java:96)
at org.testng.TestNG.runSuitesSequentially(TestNG.java:1187)
at org.testng.TestNG.runSuitesLocally(TestNG.java:1109)
at org.testng.TestNG.runSuites(TestNG.java:1039)
at org.testng.TestNG.run(TestNG.java:1007)
at org.testng.remote.AbstractRemoteTestNG.run(AbstractRemoteTestNG.java:115)
at org.testng.remote.RemoteTestNG.initAndRun(RemoteTestNG.java:251)
at org.testng.remote.RemoteTestNG.main(RemoteTestNG.java:77)
]]>
    </failure>
  </testcase> <!-- @BeforeClass setUp -->
  <testcase classname="com.accelatesting.testCases.BaseClass" name="@AfterClass closeBrowser" time="-1.579483535482E9">
    <skipped/>
  </testcase> <!-- @AfterClass closeBrowser -->
  <testcase classname="com.accelatesting.testCases.TC_SelectProducttoBasket_003" name="AddProductToBasket" time="0.0">
    <skipped/>
  </testcase> <!-- AddProductToBasket -->
  <testcase classname="com.accelatesting.testCases.TC_SelectProducttoBasket_003" name="DeliveryMethod" time="0.0">
    <skipped/>
  </testcase> <!-- DeliveryMethod -->
  <testcase classname="com.accelatesting.testCases.TC_SelectProducttoBasket_003" name="FreeDelivery" time="0.0">
    <skipped/>
  </testcase> <!-- FreeDelivery -->
  <testcase classname="com.accelatesting.testCases.TC_SelectProducttoBasket_003" name="WritePersonalizedMessage" time="0.0">
    <skipped/>
  </testcase> <!-- WritePersonalizedMessage -->
</testsuite> <!-- Default test -->
